<?xml version="1.0" encoding="UTF-8"?>
<coverage generated="1689940444645" clover="3.2.0">
  <project timestamp="1689940444645" name="All files">
    <metrics statements="44" coveredstatements="44" conditionals="8" coveredconditionals="8" methods="13" coveredmethods="13" elements="65" coveredelements="65" complexity="0" loc="44" ncloc="44" packages="1" files="3" classes="3"/>
    <file name="account.js" path="/Users/Zara/Projects/BANK-TECH-TEST/lib/account.js">
      <metrics statements="13" coveredstatements="13" conditionals="0" coveredconditionals="0" methods="4" coveredmethods="4"/>
      <line num="1" count="1" type="stmt"/>
      <line num="2" count="1" type="stmt"/>
      <line num="6" count="4" type="stmt"/>
      <line num="7" count="4" type="stmt"/>
      <line num="11" count="4" type="stmt"/>
      <line num="12" count="4" type="stmt"/>
      <line num="13" count="4" type="stmt"/>
      <line num="17" count="2" type="stmt"/>
      <line num="18" count="2" type="stmt"/>
      <line num="19" count="2" type="stmt"/>
      <line num="23" count="1" type="stmt"/>
      <line num="24" count="1" type="stmt"/>
      <line num="28" count="1" type="stmt"/>
    </file>
    <file name="statement.js" path="/Users/Zara/Projects/BANK-TECH-TEST/lib/statement.js">
      <metrics statements="22" coveredstatements="22" conditionals="4" coveredconditionals="4" methods="4" coveredmethods="4"/>
      <line num="3" count="5" type="stmt"/>
      <line num="7" count="11" type="stmt"/>
      <line num="8" count="11" type="stmt"/>
      <line num="9" count="11" type="stmt"/>
      <line num="10" count="11" type="stmt"/>
      <line num="14" count="5" type="stmt"/>
      <line num="15" count="5" type="stmt"/>
      <line num="18" count="7" type="stmt"/>
      <line num="20" count="5" type="stmt"/>
      <line num="21" count="11" type="stmt"/>
      <line num="22" count="11" type="stmt"/>
      <line num="24" count="11" type="cond" truecount="2" falsecount="0"/>
      <line num="25" count="6" type="stmt"/>
      <line num="26" count="6" type="stmt"/>
      <line num="27" count="5" type="cond" truecount="2" falsecount="0"/>
      <line num="28" count="2" type="stmt"/>
      <line num="29" count="2" type="stmt"/>
      <line num="31" count="3" type="stmt"/>
      <line num="36" count="5" type="stmt"/>
      <line num="37" count="5" type="stmt"/>
      <line num="39" count="5" type="stmt"/>
      <line num="44" count="2" type="stmt"/>
    </file>
    <file name="transaction.js" path="/Users/Zara/Projects/BANK-TECH-TEST/lib/transaction.js">
      <metrics statements="9" coveredstatements="9" conditionals="4" coveredconditionals="4" methods="5" coveredmethods="5"/>
      <line num="3" count="12" type="stmt"/>
      <line num="4" count="12" type="stmt"/>
      <line num="5" count="12" type="stmt"/>
      <line num="6" count="12" type="stmt"/>
      <line num="10" count="2" type="cond" truecount="2" falsecount="0"/>
      <line num="16" count="1" type="stmt"/>
      <line num="20" count="1" type="stmt"/>
      <line num="24" count="1" type="stmt"/>
      <line num="28" count="2" type="stmt"/>
    </file>
  </project>
</coverage>
