{"/Users/Zara/Projects/BANK-TECH-TEST/account.js": {"path":"/Users/Zara/Projects/BANK-TECH-TEST/account.js","statementMap":{"0":{"start":{"line":1,"column":20},"end":{"line":1,"column":44}},"1":{"start":{"line":2,"column":18},"end":{"line":2,"column":40}},"2":{"start":{"line":6,"column":4},"end":{"line":6,"column":21}},"3":{"start":{"line":7,"column":4},"end":{"line":7,"column":27}},"4":{"start":{"line":11,"column":24},"end":{"line":11,"column":64}},"5":{"start":{"line":12,"column":4},"end":{"line":12,"column":40}},"6":{"start":{"line":13,"column":4},"end":{"line":13,"column":27}},"7":{"start":{"line":17,"column":24},"end":{"line":17,"column":67}},"8":{"start":{"line":18,"column":4},"end":{"line":18,"column":40}},"9":{"start":{"line":19,"column":4},"end":{"line":19,"column":27}},"10":{"start":{"line":23,"column":22},"end":{"line":23,"column":54}},"11":{"start":{"line":24,"column":4},"end":{"line":24,"column":38}},"12":{"start":{"line":28,"column":0},"end":{"line":28,"column":25}}},"fnMap":{"0":{"name":"(anonymous_0)","decl":{"start":{"line":5,"column":2},"end":{"line":5,"column":3}},"loc":{"start":{"line":5,"column":16},"end":{"line":8,"column":3}},"line":5},"1":{"name":"(anonymous_1)","decl":{"start":{"line":10,"column":2},"end":{"line":10,"column":3}},"loc":{"start":{"line":10,"column":24},"end":{"line":14,"column":3}},"line":10},"2":{"name":"(anonymous_2)","decl":{"start":{"line":16,"column":2},"end":{"line":16,"column":3}},"loc":{"start":{"line":16,"column":25},"end":{"line":20,"column":3}},"line":16},"3":{"name":"(anonymous_3)","decl":{"start":{"line":22,"column":2},"end":{"line":22,"column":3}},"loc":{"start":{"line":22,"column":17},"end":{"line":25,"column":3}},"line":22}},"branchMap":{},"s":{"0":1,"1":1,"2":4,"3":4,"4":4,"5":4,"6":4,"7":2,"8":2,"9":2,"10":1,"11":1,"12":1},"f":{"0":4,"1":4,"2":2,"3":1},"b":{},"_coverageSchema":"1a1c01bbd47fc00a2c39e90264f33305004495a9","hash":"99599e00a1b74c20ffa0fea172eed5608ac47530"}
,"/Users/Zara/Projects/BANK-TECH-TEST/statement.js": {"path":"/Users/Zara/Projects/BANK-TECH-TEST/statement.js","statementMap":{"0":{"start":{"line":3,"column":4},"end":{"line":3,"column":37}},"1":{"start":{"line":7,"column":16},"end":{"line":7,"column":55}},"2":{"start":{"line":8,"column":18},"end":{"line":8,"column":62}},"3":{"start":{"line":9,"column":17},"end":{"line":9,"column":43}},"4":{"start":{"line":10,"column":4},"end":{"line":10,"column":37}},"5":{"start":{"line":14,"column":20},"end":{"line":14,"column":22}},"6":{"start":{"line":15,"column":18},"end":{"line":15,"column":19}},"7":{"start":{"line":18,"column":31},"end":{"line":18,"column":100}},"8":{"start":{"line":18,"column":64},"end":{"line":18,"column":99}},"9":{"start":{"line":20,"column":4},"end":{"line":31,"column":5}},"10":{"start":{"line":21,"column":37},"end":{"line":21,"column":48}},"11":{"start":{"line":22,"column":28},"end":{"line":22,"column":49}},"12":{"start":{"line":24,"column":6},"end":{"line":30,"column":7}},"13":{"start":{"line":25,"column":8},"end":{"line":25,"column":26}},"14":{"start":{"line":26,"column":8},"end":{"line":26,"column":94}},"15":{"start":{"line":27,"column":13},"end":{"line":30,"column":7}},"16":{"start":{"line":28,"column":8},"end":{"line":28,"column":26}},"17":{"start":{"line":29,"column":8},"end":{"line":29,"column":94}},"18":{"start":{"line":34,"column":30},"end":{"line":34,"column":79}},"19":{"start":{"line":35,"column":27},"end":{"line":35,"column":85}},"20":{"start":{"line":37,"column":4},"end":{"line":37,"column":33}},"21":{"start":{"line":41,"column":0},"end":{"line":41,"column":27}}},"fnMap":{"0":{"name":"(anonymous_0)","decl":{"start":{"line":2,"column":2},"end":{"line":2,"column":3}},"loc":{"start":{"line":2,"column":28},"end":{"line":4,"column":3}},"line":2},"1":{"name":"(anonymous_1)","decl":{"start":{"line":6,"column":2},"end":{"line":6,"column":3}},"loc":{"start":{"line":6,"column":19},"end":{"line":11,"column":3}},"line":6},"2":{"name":"(anonymous_2)","decl":{"start":{"line":13,"column":2},"end":{"line":13,"column":3}},"loc":{"start":{"line":13,"column":19},"end":{"line":38,"column":3}},"line":13},"3":{"name":"(anonymous_3)","decl":{"start":{"line":18,"column":54},"end":{"line":18,"column":55}},"loc":{"start":{"line":18,"column":64},"end":{"line":18,"column":99}},"line":18}},"branchMap":{"0":{"loc":{"start":{"line":24,"column":6},"end":{"line":30,"column":7}},"type":"if","locations":[{"start":{"line":24,"column":6},"end":{"line":30,"column":7}},{"start":{"line":27,"column":13},"end":{"line":30,"column":7}}],"line":24},"1":{"loc":{"start":{"line":27,"column":13},"end":{"line":30,"column":7}},"type":"if","locations":[{"start":{"line":27,"column":13},"end":{"line":30,"column":7}},{"start":{},"end":{}}],"line":27}},"s":{"0":2,"1":6,"2":6,"3":6,"4":6,"5":2,"6":2,"7":2,"8":4,"9":2,"10":6,"11":6,"12":6,"13":4,"14":4,"15":2,"16":2,"17":2,"18":2,"19":2,"20":2,"21":2},"f":{"0":2,"1":6,"2":2,"3":4},"b":{"0":[4,2],"1":[2,0]},"_coverageSchema":"1a1c01bbd47fc00a2c39e90264f33305004495a9","hash":"8901fa6e7325b6ddd16194323b43cbf8a323b745"}
,"/Users/Zara/Projects/BANK-TECH-TEST/transaction.js": {"path":"/Users/Zara/Projects/BANK-TECH-TEST/transaction.js","statementMap":{"0":{"start":{"line":3,"column":4},"end":{"line":3,"column":21}},"1":{"start":{"line":4,"column":4},"end":{"line":4,"column":25}},"2":{"start":{"line":5,"column":4},"end":{"line":5,"column":21}},"3":{"start":{"line":6,"column":4},"end":{"line":6,"column":21}},"4":{"start":{"line":10,"column":4},"end":{"line":12,"column":36}},"5":{"start":{"line":16,"column":4},"end":{"line":16,"column":21}},"6":{"start":{"line":20,"column":4},"end":{"line":20,"column":23}},"7":{"start":{"line":24,"column":4},"end":{"line":24,"column":21}},"8":{"start":{"line":28,"column":0},"end":{"line":28,"column":29}}},"fnMap":{"0":{"name":"(anonymous_0)","decl":{"start":{"line":2,"column":2},"end":{"line":2,"column":3}},"loc":{"start":{"line":2,"column":34},"end":{"line":7,"column":3}},"line":2},"1":{"name":"(anonymous_1)","decl":{"start":{"line":9,"column":2},"end":{"line":9,"column":3}},"loc":{"start":{"line":9,"column":13},"end":{"line":13,"column":3}},"line":9},"2":{"name":"(anonymous_2)","decl":{"start":{"line":15,"column":2},"end":{"line":15,"column":3}},"loc":{"start":{"line":15,"column":12},"end":{"line":17,"column":3}},"line":15},"3":{"name":"(anonymous_3)","decl":{"start":{"line":19,"column":2},"end":{"line":19,"column":3}},"loc":{"start":{"line":19,"column":14},"end":{"line":21,"column":3}},"line":19},"4":{"name":"(anonymous_4)","decl":{"start":{"line":23,"column":2},"end":{"line":23,"column":3}},"loc":{"start":{"line":23,"column":12},"end":{"line":25,"column":3}},"line":23}},"branchMap":{"0":{"loc":{"start":{"line":10,"column":30},"end":{"line":10,"column":83}},"type":"cond-expr","locations":[{"start":{"line":10,"column":56},"end":{"line":10,"column":78}},{"start":{"line":10,"column":81},"end":{"line":10,"column":83}}],"line":10},"1":{"loc":{"start":{"line":11,"column":6},"end":{"line":11,"column":62}},"type":"cond-expr","locations":[{"start":{"line":11,"column":35},"end":{"line":11,"column":57}},{"start":{"line":11,"column":60},"end":{"line":11,"column":62}}],"line":11}},"s":{"0":11,"1":11,"2":11,"3":11,"4":1,"5":1,"6":1,"7":1,"8":2},"f":{"0":11,"1":1,"2":1,"3":1,"4":1},"b":{"0":[1,0],"1":[0,1]},"_coverageSchema":"1a1c01bbd47fc00a2c39e90264f33305004495a9","hash":"e0461a114ddc00f7d6f20cd2a89b1d5dd7ea704d"}
}
