TN:
SF:account.js
FN:5,(anonymous_0)
FN:10,(anonymous_1)
FN:16,(anonymous_2)
FN:22,(anonymous_3)
FNF:4
FNH:4
FNDA:4,(anonymous_0)
FNDA:4,(anonymous_1)
FNDA:2,(anonymous_2)
FNDA:1,(anonymous_3)
DA:1,1
DA:2,1
DA:6,4
DA:7,4
DA:11,4
DA:12,4
DA:13,4
DA:17,2
DA:18,2
DA:19,2
DA:23,1
DA:24,1
DA:28,1
LF:13
LH:13
BRF:0
BRH:0
end_of_record
TN:
SF:statement.js
FN:2,(anonymous_0)
FN:6,(anonymous_1)
FN:13,(anonymous_2)
FN:18,(anonymous_3)
FNF:4
FNH:4
FNDA:2,(anonymous_0)
FNDA:6,(anonymous_1)
FNDA:2,(anonymous_2)
FNDA:4,(anonymous_3)
DA:3,2
DA:7,6
DA:8,6
DA:9,6
DA:10,6
DA:14,2
DA:15,2
DA:18,4
DA:20,2
DA:21,6
DA:22,6
DA:24,6
DA:25,4
DA:26,4
DA:27,2
DA:28,2
DA:29,2
DA:34,2
DA:35,2
DA:37,2
DA:41,2
LF:21
LH:21
BRDA:24,0,0,4
BRDA:24,0,1,2
BRDA:27,1,0,2
BRDA:27,1,1,0
BRF:4
BRH:3
end_of_record
TN:
SF:transaction.js
FN:2,(anonymous_0)
FN:9,(anonymous_1)
FN:15,(anonymous_2)
FN:19,(anonymous_3)
FN:23,(anonymous_4)
FNF:5
FNH:5
FNDA:11,(anonymous_0)
FNDA:1,(anonymous_1)
FNDA:1,(anonymous_2)
FNDA:1,(anonymous_3)
FNDA:1,(anonymous_4)
DA:3,11
DA:4,11
DA:5,11
DA:6,11
DA:10,1
DA:16,1
DA:20,1
DA:24,1
DA:28,2
LF:9
LH:9
BRDA:10,0,0,1
BRDA:10,0,1,0
BRDA:11,1,0,0
BRDA:11,1,1,1
BRF:4
BRH:2
end_of_record
