TN:
SF:lib/account.js
FN:5,(anonymous_0)
FN:10,(anonymous_1)
FN:16,(anonymous_2)
FN:22,(anonymous_3)
FNF:4
FNH:4
FNDA:4,(anonymous_0)
FNDA:4,(anonymous_1)
FNDA:2,(anonymous_2)
FNDA:1,(anonymous_3)
DA:1,1
DA:2,1
DA:6,4
DA:7,4
DA:11,4
DA:12,4
DA:13,4
DA:17,2
DA:18,2
DA:19,2
DA:23,1
DA:24,1
DA:28,1
LF:13
LH:13
BRF:0
BRH:0
end_of_record
TN:
SF:lib/statement.js
FN:2,(anonymous_0)
FN:6,(anonymous_1)
FN:13,(anonymous_2)
FN:18,(anonymous_3)
FNF:4
FNH:4
FNDA:5,(anonymous_0)
FNDA:11,(anonymous_1)
FNDA:5,(anonymous_2)
FNDA:7,(anonymous_3)
DA:3,5
DA:7,11
DA:8,11
DA:9,11
DA:10,11
DA:14,5
DA:15,5
DA:18,7
DA:20,5
DA:21,11
DA:22,11
DA:24,11
DA:25,6
DA:26,6
DA:27,5
DA:28,2
DA:29,2
DA:31,3
DA:36,5
DA:37,5
DA:39,5
DA:44,2
LF:22
LH:22
BRDA:24,0,0,6
BRDA:24,0,1,5
BRDA:27,1,0,2
BRDA:27,1,1,3
BRF:4
BRH:4
end_of_record
TN:
SF:lib/transaction.js
FN:2,(anonymous_0)
FN:9,(anonymous_1)
FN:15,(anonymous_2)
FN:19,(anonymous_3)
FN:23,(anonymous_4)
FNF:5
FNH:5
FNDA:12,(anonymous_0)
FNDA:2,(anonymous_1)
FNDA:1,(anonymous_2)
FNDA:1,(anonymous_3)
FNDA:1,(anonymous_4)
DA:3,12
DA:4,12
DA:5,12
DA:6,12
DA:10,2
DA:16,1
DA:20,1
DA:24,1
DA:28,2
LF:9
LH:9
BRDA:10,0,0,1
BRDA:10,0,1,1
BRDA:11,1,0,1
BRDA:11,1,1,1
BRF:4
BRH:4
end_of_record
